<?xml version="1.0" encoding="utf-8" ?>
<!-- DO NOT EDIT THIS FILE -->

<log version='2.0' source='tcet'>
	<!-- Sampling enabled with the following: -->
	<!--     Budget                              5: -->
	<!--     Overdraft Budget                   75: -->
	<!--     Savings Budget                      2: -->
	<!-- Opened annotation file C:\Program Files (x86)\Intel\oneAPI\inspector\2024.2\bin64\..\config\tc\qt.ant -->
	<!-- Opened annotation file C:\Program Files (x86)\Intel\oneAPI\inspector\2024.2\bin64\..\config\tc\cpp11.ant -->
	<!-- Opened annotation file C:\Program Files (x86)\Intel\oneAPI\inspector\2024.2\bin64\..\config\tc\cpp11_atomics.ant -->
	<!-- Opened annotation file C:\Program Files (x86)\Intel\oneAPI\inspector\2024.2\bin64\..\config\tc\fortran.ant -->
	<!-- Opened annotation file C:\Program Files (x86)\Intel\oneAPI\inspector\2024.2\bin64\..\config\tc\icl.ant -->
	<!-- Opened annotation file C:\Program Files (x86)\Intel\oneAPI\inspector\2024.2\bin64\..\config\tc\allocators.ant -->
	<!-- Opened annotation file C:\Program Files (x86)\Intel\oneAPI\inspector\2024.2\bin64\..\config\tc\boost.ant -->
	<!-- Opened annotation file C:\Program Files (x86)\Intel\oneAPI\inspector\2024.2\bin64\..\config\tc\system_api_filter.ant -->
	<!-- Opened annotation file C:\Program Files (x86)\Intel\oneAPI\inspector\2024.2\bin64\..\config\tc\system_api.ant -->
	<msg id='1' display='false' source='tccore'>
		<type>START</type>
		<severity>INFO</severity>
		<timestamp>Sun Oct  6 15:12:34 2024</timestamp>
	</msg>
	<!-- Successfully loaded CCRT 13.15.7 at address 0x7ffa46bf0000 - 0x7ffa46c11000 -->
	<!-- Successfully loaded the TC Analysis Core 8.23.1 at address 0x7ffa0b640000 - 0x7ffa0b666000 -->
	<!-- Successfully loaded the TC Instrumentation Engine 8.23.1 at address 0x65670000 - 0x658eb000 -->
	<!-- Environment: INTEL_LIBITTNOTIFY32=C:\Program Files (x86)\Intel\oneAPI\inspector\2024.2\bin32\runtime\libittnotify.dll -->
	<!-- Environment: INTEL_LIBITTNOTIFY64=C:\Program Files (x86)\Intel\oneAPI\inspector\2024.2\bin64\runtime\libittnotify.dll -->
	<!-- Environment: INTEL_JIT_PROFILER32=C:\Program Files (x86)\Intel\oneAPI\inspector\2024.2\bin32\pinjitprofiling.dll -->
	<!-- Environment: INTEL_JIT_PROFILER64=C:\Program Files (x86)\Intel\oneAPI\inspector\2024.2\bin64\pinjitprofiling.dll -->
	<!-- This is the instance of interest -->
	<msg id='2' source='tcet'>
		<type>EXEC_OF_INTEREST</type>
		<severity>INFO</severity>
		<timestamp>Sun Oct  6 15:12:34 2024</timestamp>
		<arg name='process'>c:\dev\http-server\build\bin\httpserver.exe</arg>
		<arg name='pid'>26212</arg>
	</msg>
	<msg id='3' source='tcet'>
		<type>LOAD_MODULE</type>
		<severity>INFO</severity>
		<timestamp>Sun Oct  6 15:12:34 2024</timestamp>
		<arg name='module'>c:\dev\http-server\build\bin\httpserver.exe</arg>
		<arg name='basement'>0x7ff6dbc90000</arg>
		<arg name='ceiling'>0x7ff6dbceefff</arg>
		<arg name='id'>2</arg>
	</msg>
	<msg id='4' source='tcet'>
		<type>LOAD_MODULE</type>
		<severity>INFO</severity>
		<timestamp>Sun Oct  6 15:12:34 2024</timestamp>
		<arg name='module'>c:\windows\system32\kernelbase.dll</arg>
		<arg name='basement'>0x7ffb0ff30000</arg>
		<arg name='ceiling'>0x7ffb1022cfff</arg>
		<arg name='id'>3</arg>
	</msg>
	<!-- Target OS: Win8 or Server 2K2012 or later -->
	<msg id='5' source='tcet'>
		<type>LOAD_MODULE</type>
		<severity>INFO</severity>
		<timestamp>Sun Oct  6 15:12:35 2024</timestamp>
		<arg name='module'>c:\windows\system32\kernel32.dll</arg>
		<arg name='basement'>0x7ffb10bb0000</arg>
		<arg name='ceiling'>0x7ffb10c70fff</arg>
		<arg name='id'>4</arg>
	</msg>
	<!-- Target OS: Win8 or Server 2K2012 or later -->
	<msg id='6' source='tcet'>
		<type>LOAD_MODULE</type>
		<severity>INFO</severity>
		<timestamp>Sun Oct  6 15:12:35 2024</timestamp>
		<arg name='module'>c:\windows\system32\ntdll.dll</arg>
		<arg name='basement'>0x7ffb126d0000</arg>
		<arg name='ceiling'>0x7ffb128c7fff</arg>
		<arg name='id'>5</arg>
	</msg>
	<!-- Target OS: Win8 or Server 2K2012 or later -->
	<msg id='7' source='tcet'>
		<type>LOAD_MODULE</type>
		<severity>INFO</severity>
		<timestamp>Sun Oct  6 15:12:35 2024</timestamp>
		<arg name='module'>c:\windows\system32\ws2_32.dll</arg>
		<arg name='basement'>0x7ffb11f30000</arg>
		<arg name='ceiling'>0x7ffb11f9afff</arg>
		<arg name='id'>6</arg>
	</msg>
	<msg id='8' source='tcet'>
		<type>LOAD_MODULE</type>
		<severity>INFO</severity>
		<timestamp>Sun Oct  6 15:12:36 2024</timestamp>
		<arg name='module'>c:\windows\system32\rpcrt4.dll</arg>
		<arg name='basement'>0x7ffb109f0000</arg>
		<arg name='ceiling'>0x7ffb10b12fff</arg>
		<arg name='id'>7</arg>
	</msg>
	<msg id='9' source='tcet'>
		<type>LOAD_MODULE</type>
		<severity>INFO</severity>
		<timestamp>Sun Oct  6 15:12:36 2024</timestamp>
		<arg name='module'>c:\dev\http-server\build\bin\sqlite3.dll</arg>
		<arg name='basement'>0x7ffa0b1b0000</arg>
		<arg name='ceiling'>0x7ffa0b4bffff</arg>
		<arg name='id'>8</arg>
	</msg>
	<msg id='10' source='tcet'>
		<type>LOAD_MODULE</type>
		<severity>INFO</severity>
		<timestamp>Sun Oct  6 15:12:36 2024</timestamp>
		<arg name='module'>c:\windows\system32\shell32.dll</arg>
		<arg name='basement'>0x7ffb10ef0000</arg>
		<arg name='ceiling'>0x7ffb1165efff</arg>
		<arg name='id'>9</arg>
	</msg>
	<msg id='11' source='tcet'>
		<type>LOAD_MODULE</type>
		<severity>INFO</severity>
		<timestamp>Sun Oct  6 15:12:36 2024</timestamp>
		<arg name='module'>c:\windows\system32\msvcp_win.dll</arg>
		<arg name='basement'>0x7ffb10440000</arg>
		<arg name='ceiling'>0x7ffb104dcfff</arg>
		<arg name='id'>10</arg>
	</msg>
	<msg id='12' source='tcet'>
		<type>LOAD_MODULE</type>
		<severity>INFO</severity>
		<timestamp>Sun Oct  6 15:12:36 2024</timestamp>
		<arg name='module'>c:\windows\system32\ucrtbase.dll</arg>
		<arg name='basement'>0x7ffb10340000</arg>
		<arg name='ceiling'>0x7ffb1043ffff</arg>
		<arg name='id'>11</arg>
	</msg>
	<msg id='13' source='tcet'>
		<type>LOAD_MODULE</type>
		<severity>INFO</severity>
		<timestamp>Sun Oct  6 15:12:36 2024</timestamp>
		<arg name='module'>c:\windows\system32\user32.dll</arg>
		<arg name='basement'>0x7ffb124f0000</arg>
		<arg name='ceiling'>0x7ffb1268cfff</arg>
		<arg name='id'>12</arg>
	</msg>
	<msg id='14' source='tcet'>
		<type>LOAD_MODULE</type>
		<severity>INFO</severity>
		<timestamp>Sun Oct  6 15:12:36 2024</timestamp>
		<arg name='module'>c:\windows\system32\win32u.dll</arg>
		<arg name='basement'>0x7ffb10230000</arg>
		<arg name='ceiling'>0x7ffb10251fff</arg>
		<arg name='id'>13</arg>
	</msg>
	<!-- Routine at entry point of image c:\windows\system32\win32u.dll is invalid -->
	<msg id='15' source='tcet'>
		<type>LOAD_MODULE</type>
		<severity>INFO</severity>
		<timestamp>Sun Oct  6 15:12:37 2024</timestamp>
		<arg name='module'>c:\windows\system32\gdi32.dll</arg>
		<arg name='basement'>0x7ffb10b20000</arg>
		<arg name='ceiling'>0x7ffb10b4afff</arg>
		<arg name='id'>14</arg>
	</msg>
	<msg id='16' source='tcet'>
		<type>LOAD_MODULE</type>
		<severity>INFO</severity>
		<timestamp>Sun Oct  6 15:12:37 2024</timestamp>
		<arg name='module'>c:\windows\system32\gdi32full.dll</arg>
		<arg name='basement'>0x7ffb104e0000</arg>
		<arg name='ceiling'>0x7ffb105f6fff</arg>
		<arg name='id'>15</arg>
	</msg>
	<msg id='17' source='tcet'>
		<type>LOAD_MODULE</type>
		<severity>INFO</severity>
		<timestamp>Sun Oct  6 15:12:37 2024</timestamp>
		<arg name='module'>c:\windows\system32\vcruntime140d.dll</arg>
		<arg name='basement'>0x7ffa3aaa0000</arg>
		<arg name='ceiling'>0x7ffa3aacdfff</arg>
		<arg name='id'>16</arg>
	</msg>
	<msg id='18' source='tcet'>
		<type>LOAD_MODULE</type>
		<severity>INFO</severity>
		<timestamp>Sun Oct  6 15:12:37 2024</timestamp>
		<arg name='module'>c:\windows\system32\ucrtbased.dll</arg>
		<arg name='basement'>0x7ffa0af80000</arg>
		<arg name='ceiling'>0x7ffa0b1a0fff</arg>
		<arg name='id'>17</arg>
	</msg>
	<msg id='19' source='tcet'>
		<type>LOAD_MODULE</type>
		<severity>INFO</severity>
		<timestamp>Sun Oct  6 15:12:37 2024</timestamp>
		<arg name='module'>c:\windows\system32\vcruntime140_1d.dll</arg>
		<arg name='basement'>0x7ffb07510000</arg>
		<arg name='ceiling'>0x7ffb0751efff</arg>
		<arg name='id'>18</arg>
	</msg>
	<msg id='20' source='tcet'>
		<type>LOAD_MODULE</type>
		<severity>INFO</severity>
		<timestamp>Sun Oct  6 15:12:37 2024</timestamp>
		<arg name='module'>c:\program files\microsoft visual studio\2022\community\vc\tools\msvc\14.41.34120\bin\hostx64\x64\clang_rt.asan_dynamic-x86_64.dll</arg>
		<arg name='basement'>0x7ffa0a000000</arg>
		<arg name='ceiling'>0x7ffa0af7efff</arg>
		<arg name='id'>19</arg>
	</msg>
	<msg id='21' source='tcet'>
		<type>LOAD_MODULE</type>
		<severity>INFO</severity>
		<timestamp>Sun Oct  6 15:12:37 2024</timestamp>
		<arg name='module'>c:\windows\system32\advapi32.dll</arg>
		<arg name='basement'>0x7ffb10c80000</arg>
		<arg name='ceiling'>0x7ffb10d2ffff</arg>
		<arg name='id'>20</arg>
	</msg>
	<msg id='22' source='tcet'>
		<type>LOAD_MODULE</type>
		<severity>INFO</severity>
		<timestamp>Sun Oct  6 15:12:38 2024</timestamp>
		<arg name='module'>c:\windows\system32\msvcrt.dll</arg>
		<arg name='basement'>0x7ffb117e0000</arg>
		<arg name='ceiling'>0x7ffb1187dfff</arg>
		<arg name='id'>21</arg>
	</msg>
	<msg id='23' source='tcet'>
		<type>LOAD_MODULE</type>
		<severity>INFO</severity>
		<timestamp>Sun Oct  6 15:12:38 2024</timestamp>
		<arg name='module'>c:\windows\system32\sechost.dll</arg>
		<arg name='basement'>0x7ffb11740000</arg>
		<arg name='ceiling'>0x7ffb117dffff</arg>
		<arg name='id'>22</arg>
	</msg>
	<msg id='24' source='tcet'>
		<type>LOAD_MODULE</type>
		<severity>INFO</severity>
		<timestamp>Sun Oct  6 15:12:38 2024</timestamp>
		<arg name='module'>c:\windows\system32\bcrypt.dll</arg>
		<arg name='basement'>0x7ffb10260000</arg>
		<arg name='ceiling'>0x7ffb10286fff</arg>
		<arg name='id'>23</arg>
	</msg>
	<msg id='25' source='tcet'>
		<type>LOAD_MODULE</type>
		<severity>INFO</severity>
		<timestamp>Sun Oct  6 15:12:38 2024</timestamp>
		<arg name='module'>c:\windows\system32\vcruntime140.dll</arg>
		<arg name='basement'>0x7ffaf7fe0000</arg>
		<arg name='ceiling'>0x7ffaf7ffdfff</arg>
		<arg name='id'>24</arg>
	</msg>
	<msg id='26' source='tcet'>
		<type>LOAD_MODULE</type>
		<severity>INFO</severity>
		<timestamp>Sun Oct  6 15:12:38 2024</timestamp>
		<arg name='module'>c:\windows\system32\vcruntime140_1.dll</arg>
		<arg name='basement'>0x7ffaf8030000</arg>
		<arg name='ceiling'>0x7ffaf803bfff</arg>
		<arg name='id'>25</arg>
	</msg>
	<msg id='27' source='tcet'>
		<type>LOAD_MODULE</type>
		<severity>INFO</severity>
		<timestamp>Sun Oct  6 15:12:38 2024</timestamp>
		<arg name='module'>c:\windows\system32\imm32.dll</arg>
		<arg name='basement'>0x7ffb10ec0000</arg>
		<arg name='ceiling'>0x7ffb10eeefff</arg>
		<arg name='id'>26</arg>
	</msg>
	<msg id='28' source='ccrt'>
		<type>INTERNAL</type>
		<severity>ERROR</severity>
		<timestamp>Sun Oct  6 15:12:40 2024</timestamp>
		<!-- Threadchecker or PIN generated an exception: Exception Code: RECEIVED_ACCESS_FAULT. Exception Address = 0x7ffa0a03333f. Access Type: READ. Access Address = 0x12a0bda19fee -->
	</msg>
	<!-- Frames of pintool call stack: -->
	<!-- => c:\program files\microsoft visual studio\2022\community\vc\tools\msvc\14.41.34120\bin\hostx64\x64\clang_rt.asan_dynamic-x86_64.dll!0x3333f (0x7ffa0a03333f) -->
	<!-- => 0x0 -->