<?xml version="1.0" encoding="utf-8"?>
<log version="1.0" tool="runtool">

<msg id="1" tool="runtool">
  <type>log-start</type>
  <arg>2024/10/06 15:10:33</arg>
</msg>
<msg id="2" tool="runtool">
  <type>collector-starts</type>
</msg>
<msg id="3" tool="runtool">
  <type>marker-file</type>
  <arg>C:\Dev\HTTP-Server\HTTPServer\r000mi3\r000mi3.inspxe</arg>
</msg>
<msg id="4" tool="mc">
  <type>EXEC_OF_INTEREST</type>
  <arg>c:\dev\http-server\build\bin\httpserver.exe</arg>
  <arg>27980</arg>
  <severity>INFO</severity>
  <timestamp>Sun Oct  6 15:10:33 2024</timestamp>
</msg>
<msg id="5" tool="mc">
  <type>MODULE_LOAD</type>
  <arg>c:\dev\http-server\build\bin\httpserver.exe</arg>
  <arg>0x7ff6dbc90000</arg>
  <arg>0x7ff6dbceefff</arg>
  <severity>INFO</severity>
  <timestamp>Sun Oct  6 15:10:34 2024</timestamp>
</msg>
<msg id="6" tool="mc">
  <type>MODULE_LOAD</type>
  <arg>c:\windows\system32\kernelbase.dll</arg>
  <arg>0x7ffb0ff30000</arg>
  <arg>0x7ffb1022cfff</arg>
  <severity>INFO</severity>
  <timestamp>Sun Oct  6 15:10:49 2024</timestamp>
</msg>
<msg id="7" tool="mc">
  <type>MODULE_LOAD</type>
  <arg>c:\windows\system32\kernel32.dll</arg>
  <arg>0x7ffb10bb0000</arg>
  <arg>0x7ffb10c70fff</arg>
  <severity>INFO</severity>
  <timestamp>Sun Oct  6 15:11:00 2024</timestamp>
</msg>
<msg id="8" tool="mc">
  <type>MODULE_LOAD</type>
  <arg>c:\windows\system32\ntdll.dll</arg>
  <arg>0x7ffb126d0000</arg>
  <arg>0x7ffb128c7fff</arg>
  <severity>INFO</severity>
  <timestamp>Sun Oct  6 15:11:01 2024</timestamp>
</msg>
<msg id="9" tool="mc">
  <type>MODULE_LOAD</type>
  <arg>c:\windows\system32\ws2_32.dll</arg>
  <arg>0x7ffb11f30000</arg>
  <arg>0x7ffb11f9afff</arg>
  <severity>INFO</severity>
  <timestamp>Sun Oct  6 15:11:02 2024</timestamp>
</msg>
<msg id="10" tool="mc">
  <type>MODULE_LOAD</type>
  <arg>c:\windows\system32\rpcrt4.dll</arg>
  <arg>0x7ffb109f0000</arg>
  <arg>0x7ffb10b12fff</arg>
  <severity>INFO</severity>
  <timestamp>Sun Oct  6 15:11:03 2024</timestamp>
</msg>
<msg id="11" tool="mc">
  <type>MODULE_LOAD</type>
  <arg>c:\dev\http-server\build\bin\sqlite3.dll</arg>
  <arg>0x7ffa0b500000</arg>
  <arg>0x7ffa0b80ffff</arg>
  <severity>INFO</severity>
  <timestamp>Sun Oct  6 15:11:03 2024</timestamp>
</msg>
<msg id="12" tool="mc">
  <type>MODULE_LOAD</type>
  <arg>c:\windows\system32\shell32.dll</arg>
  <arg>0x7ffb10ef0000</arg>
  <arg>0x7ffb1165efff</arg>
  <severity>INFO</severity>
  <timestamp>Sun Oct  6 15:11:03 2024</timestamp>
</msg>
<msg id="13" tool="mc">
  <type>MODULE_LOAD</type>
  <arg>c:\windows\system32\msvcp_win.dll</arg>
  <arg>0x7ffb10440000</arg>
  <arg>0x7ffb104dcfff</arg>
  <severity>INFO</severity>
  <timestamp>Sun Oct  6 15:11:04 2024</timestamp>
</msg>
<msg id="14" tool="mc">
  <type>MODULE_LOAD</type>
  <arg>c:\windows\system32\ucrtbase.dll</arg>
  <arg>0x7ffb10340000</arg>
  <arg>0x7ffb1043ffff</arg>
  <severity>INFO</severity>
  <timestamp>Sun Oct  6 15:11:05 2024</timestamp>
</msg>
<msg id="15" tool="mc">
  <type>MODULE_LOAD_NO_ANALYSIS</type>
  <arg>c:\windows\system32\user32.dll</arg>
  <arg>0x7ffb124f0000</arg>
  <arg>0x7ffb1268cfff</arg>
  <severity>INFO</severity>
  <timestamp>Sun Oct  6 15:11:06 2024</timestamp>
</msg>
<msg id="16" tool="mc">
  <type>MODULE_LOAD</type>
  <arg>c:\windows\system32\win32u.dll</arg>
  <arg>0x7ffb10230000</arg>
  <arg>0x7ffb10251fff</arg>
  <severity>INFO</severity>
  <timestamp>Sun Oct  6 15:11:07 2024</timestamp>
</msg>
<msg id="17" tool="mc">
  <type>MODULE_LOAD</type>
  <arg>c:\windows\system32\gdi32.dll</arg>
  <arg>0x7ffb10b20000</arg>
  <arg>0x7ffb10b4afff</arg>
  <severity>INFO</severity>
  <timestamp>Sun Oct  6 15:11:10 2024</timestamp>
</msg>
<msg id="18" tool="mc">
  <type>MODULE_LOAD_NO_ANALYSIS</type>
  <arg>c:\windows\system32\gdi32full.dll</arg>
  <arg>0x7ffb104e0000</arg>
  <arg>0x7ffb105f6fff</arg>
  <severity>INFO</severity>
  <timestamp>Sun Oct  6 15:11:11 2024</timestamp>
</msg>
<msg id="19" tool="mc">
  <type>MODULE_LOAD</type>
  <arg>c:\windows\system32\vcruntime140d.dll</arg>
  <arg>0x7ffa0b4d0000</arg>
  <arg>0x7ffa0b4fdfff</arg>
  <severity>INFO</severity>
  <timestamp>Sun Oct  6 15:11:11 2024</timestamp>
</msg>
<msg id="20" tool="mc">
  <type>MODULE_LOAD</type>
  <arg>c:\windows\system32\vcruntime140_1d.dll</arg>
  <arg>0x7ffb07550000</arg>
  <arg>0x7ffb0755efff</arg>
  <severity>INFO</severity>
  <timestamp>Sun Oct  6 15:11:11 2024</timestamp>
</msg>
<msg id="21" tool="mc">
  <type>MODULE_LOAD</type>
  <arg>c:\windows\system32\ucrtbased.dll</arg>
  <arg>0x7ffa0b2a0000</arg>
  <arg>0x7ffa0b4c0fff</arg>
  <severity>INFO</severity>
  <timestamp>Sun Oct  6 15:11:13 2024</timestamp>
</msg>
<msg id="22" tool="mc">
  <type>MODULE_LOAD</type>
  <arg>c:\program files\microsoft visual studio\2022\community\vc\tools\msvc\14.41.34120\bin\hostx64\x64\clang_rt.asan_dynamic-x86_64.dll</arg>
  <arg>0x7ffa0a320000</arg>
  <arg>0x7ffa0b29efff</arg>
  <severity>INFO</severity>
  <timestamp>Sun Oct  6 15:11:16 2024</timestamp>
</msg>
<msg id="23" tool="mc">
  <type>MODULE_LOAD</type>
  <arg>c:\windows\system32\advapi32.dll</arg>
  <arg>0x7ffb10c80000</arg>
  <arg>0x7ffb10d2ffff</arg>
  <severity>INFO</severity>
  <timestamp>Sun Oct  6 15:11:19 2024</timestamp>
</msg>
<msg id="24" tool="mc">
  <type>MODULE_LOAD</type>
  <arg>c:\windows\system32\msvcrt.dll</arg>
  <arg>0x7ffb117e0000</arg>
  <arg>0x7ffb1187dfff</arg>
  <severity>INFO</severity>
  <timestamp>Sun Oct  6 15:11:19 2024</timestamp>
</msg>
<msg id="25" tool="mc">
  <type>MODULE_LOAD</type>
  <arg>c:\windows\system32\sechost.dll</arg>
  <arg>0x7ffb11740000</arg>
  <arg>0x7ffb117dffff</arg>
  <severity>INFO</severity>
  <timestamp>Sun Oct  6 15:11:20 2024</timestamp>
</msg>
<msg id="26" tool="mc">
  <type>MODULE_LOAD</type>
  <arg>c:\windows\system32\bcrypt.dll</arg>
  <arg>0x7ffb10260000</arg>
  <arg>0x7ffb10286fff</arg>
  <severity>INFO</severity>
  <timestamp>Sun Oct  6 15:11:20 2024</timestamp>
</msg>
<msg id="27" tool="mc">
  <type>MODULE_LOAD</type>
  <arg>c:\windows\system32\vcruntime140.dll</arg>
  <arg>0x7ffaf7fe0000</arg>
  <arg>0x7ffaf7ffdfff</arg>
  <severity>INFO</severity>
  <timestamp>Sun Oct  6 15:11:20 2024</timestamp>
</msg>
<msg id="28" tool="mc">
  <type>MODULE_LOAD</type>
  <arg>c:\windows\system32\vcruntime140_1.dll</arg>
  <arg>0x7ffaf8030000</arg>
  <arg>0x7ffaf803bfff</arg>
  <severity>INFO</severity>
  <timestamp>Sun Oct  6 15:11:20 2024</timestamp>
</msg>
<msg id="29" tool="mc">
  <type>MODULE_LOAD_NO_ANALYSIS</type>
  <arg>c:\windows\system32\imm32.dll</arg>
  <arg>0x7ffb10ec0000</arg>
  <arg>0x7ffb10eeefff</arg>
  <severity>INFO</severity>
  <timestamp>Sun Oct  6 15:11:22 2024</timestamp>
</msg>
<msg id="30" tool="mc">
  <type>INTERNAL</type>
  <severity>ERROR</severity>
  <timestamp>Sun Oct  6 15:11:28 2024</timestamp>
</msg>
<msg id="31" tool="runtool">
  <type>app-exit-code</type>
  <arg>-1073741819</arg>
</msg>
<msg id="32" tool="runtool">
  <type>marker-file</type>
  <arg>C:\Dev\HTTP-Server\HTTPServer\r000mi3\r000mi3.inspxe</arg>
</msg>
<msg id="33" tool="runtool">
  <type>collector-done</type>
</msg>
<msg id="34" tool="runtool">
  <type>log-end</type>
  <arg>2024/10/06 15:11:32</arg>
</msg>

</log>

