<?xml version="1.0" encoding="utf-8" ?>
<!-- DO NOT EDIT THIS FILE -->

<log version='2.0' source='mc'>
	<!-- Successfully loaded CCRT at address 0x7ffa24180000 - 0x7ffa241a1000 -->
	<!-- Successfully loaded MC at address 0x656a0000 - 0x65b9b000 -->
	<!-- GTReplay version: 1 -->
	<msg id='1' source='mc'>
		<type>EXEC_OF_INTEREST</type>
		<severity>INFO</severity>
		<timestamp>Sun Oct  6 15:10:33 2024</timestamp>
		<arg name='path'>c:\dev\http-server\build\bin\httpserver.exe</arg>
		<arg name='pid'>27980</arg>
	</msg>
	<!-- Command line: C:\Program Files (x86)\Intel\oneAPI\inspector\2024.2\bin32\pin -xyzzy -mesgoff console -xyzzy -bridge_save_x87 0 -bridge_save_mxcsr 0 -follow_execv -error_file C:\Dev\HTTP-Server\HTTPServer\r000mi3\data.0\pin_error.log -logfile C:\Dev\HTTP-Server\HTTPServer\r000mi3\data.0\pin.log -xyzzy -region_max_inss 100 -p64 C:\Program Files (x86)\Intel\oneAPI\inspector\2024.2\bin64\pin -t64 C:\Program Files (x86)\Intel\oneAPI\inspector\2024.2\bin64\memchkr.dll -t C:\Program Files (x86)\Intel\oneAPI\inspector\2024.2\bin32\memchkr.dll -analyze-stack -access-checks -leak-check-on-exit -leak-check-on-demand -enable-memory-growth -leak-check-report-reachable -check-resource-leaks -freelist-vol 1000000 -leak-maximum 100000 -guard-zone-size 32 -stack-depth 16 -heartbeat 1 -working-dir C:\Dev\HTTP-Server\HTTPServer\r000mi3\data.0 -support_jit_api -log mc_HTTPServer.log -result HTTPServer - C:\Dev\HTTP-Server\build\bin\HTTPServer.exe  -->
	<!-- mc's options are the following:  -->
	<!-- -help                              false -->
	<!-- -verbose                           false -->
	<!-- -xyzzy                             false -->
	<!-- -version                           false -->
	<!-- -help-all                          false -->
	<!-- -xyzzy-all                         false -->
	<!-- -report-all-instances              false -->
	<!-- -check-for-padded-structures       true -->
	<!-- -check-for-bitfields               true -->
	<!-- -analyze-stack                     true -->
	<!-- -access-checks                     true -->
	<!-- -track-origins                     true -->
	<!-- -duplicate-uninits                 false -->
	<!-- -bss-initialized                   true -->
	<!-- -align-alloc-size                  false -->
	<!-- -report-uninit-read                false -->
	<!-- -ignore-system-libraries           false -->
	<!-- -gen-suppressions                  false -->
	<!-- -leak-check-on-exit                true -->
	<!-- -leak-check-on-demand              true -->
	<!-- -leak-check-uses-baseline          true -->
	<!-- -enable-memory-growth              true -->
	<!-- -leak-check-report-reachable       true -->
	<!-- -leak-check-full                   true -->
	<!-- -check-resource-leaks              true -->
	<!-- -trace-children                    false -->
	<!-- -enable-poke                       false -->
	<!-- -jit-mode-anyway                   false -->
	<!-- -check-mismatches                  false -->
	<!-- -aggressive-callstack-caching      false -->
	<!-- -suppress-breakpoints              false -->
	<!-- -monitor-memory                    false -->
	<!-- -keep-deallocation-stack           false -->
	<!-- -mem-stats                         false -->
	<!-- -short-log                         false -->
	<!-- -freelist-vol                      1000000 -->
	<!-- -leak-maximum                      100000 -->
	<!-- -guard-zone-size                   32 -->
	<!-- -stack-depth                       16 -->
	<!-- -heartbeat                         1 -->
	<!-- -breakpoint-file                   (null) -->
	<!-- -config-file                       (null) -->
	<!-- -log                               mc_httpserver.log -->
	<!-- -ignore-commands                   (null),  -->
	<!-- -ignore-modules                    (null),  -->
	<!-- -ignore-symbols                    (null),  -->
	<!-- -module-of-interest                (null),  -->
	<!-- -executable-of-interest            (null),  -->
	<!-- -working-dir                       c:\dev\http-server\httpserver\r000mi3\data.0 -->
	<!-- -result                            httpserver -->
	<!-- -exclude-module                    (null),  -->
	<!-- -include-module                    (null),  -->
	<!-- -only-exec-commands                (null),  -->
	<!-- -suppressions                      (null),  -->
	<!-- -debug                             none -->
	<!-- -shared-mem-name                   (null) -->
	<!-- -poke-function                     (null),  -->
	<!-- -analysis-mode                     (null) -->
	<!-- -disable-gatekeeping               false -->
	<!-- -ignore-os-allocators              false -->
	<!-- -mrte-mode                         auto -->
	<!-- probe mode: no -->
	<!-- mem leaks checks: yes -->
	<!-- res leaks checks: yes -->
	<!-- access checks: yes -->
	<!-- gpu checks: yes -->
	<!-- track origin: yes -->
	<!-- Environment: INTEL_LIBITTNOTIFY32=C:\Program Files (x86)\Intel\oneAPI\inspector\2024.2\bin32\runtime\libittnotify.dll -->
	<!-- Environment: INTEL_LIBITTNOTIFY64=C:\Program Files (x86)\Intel\oneAPI\inspector\2024.2\bin64\runtime\libittnotify.dll -->
	<!-- Environment: INTEL_JIT_PROFILER32=C:\Program Files (x86)\Intel\oneAPI\inspector\2024.2\bin32\pinjitprofiling.dll -->
	<!-- Environment: INTEL_JIT_PROFILER64=C:\Program Files (x86)\Intel\oneAPI\inspector\2024.2\bin64\pinjitprofiling.dll -->
	<msg id='2' source='mc'>
		<type>MODULE_LOAD</type>
		<severity>INFO</severity>
		<timestamp>Sun Oct  6 15:10:34 2024</timestamp>
		<arg name='path'>c:\dev\http-server\build\bin\httpserver.exe</arg>
		<arg name='addr1'>0x7ff6dbc90000</arg>
		<arg name='addr2'>0x7ff6dbceefff</arg>
	</msg>
	<msg id='3' source='mc'>
		<type>MODULE_LOAD</type>
		<severity>INFO</severity>
		<timestamp>Sun Oct  6 15:10:49 2024</timestamp>
		<arg name='path'>c:\windows\system32\kernelbase.dll</arg>
		<arg name='addr1'>0x7ffb0ff30000</arg>
		<arg name='addr2'>0x7ffb1022cfff</arg>
	</msg>
	<msg id='4' source='mc'>
		<type>MODULE_LOAD</type>
		<severity>INFO</severity>
		<timestamp>Sun Oct  6 15:11:00 2024</timestamp>
		<arg name='path'>c:\windows\system32\kernel32.dll</arg>
		<arg name='addr1'>0x7ffb10bb0000</arg>
		<arg name='addr2'>0x7ffb10c70fff</arg>
	</msg>
	<msg id='5' source='mc'>
		<type>MODULE_LOAD</type>
		<severity>INFO</severity>
		<timestamp>Sun Oct  6 15:11:01 2024</timestamp>
		<arg name='path'>c:\windows\system32\ntdll.dll</arg>
		<arg name='addr1'>0x7ffb126d0000</arg>
		<arg name='addr2'>0x7ffb128c7fff</arg>
	</msg>
	<!-- DIAG: 1 -->
	<!-- DIAG: 2 -->
	<msg id='6' source='mc'>
		<type>MODULE_LOAD</type>
		<severity>INFO</severity>
		<timestamp>Sun Oct  6 15:11:02 2024</timestamp>
		<arg name='path'>c:\windows\system32\ws2_32.dll</arg>
		<arg name='addr1'>0x7ffb11f30000</arg>
		<arg name='addr2'>0x7ffb11f9afff</arg>
	</msg>
	<msg id='7' source='mc'>
		<type>MODULE_LOAD</type>
		<severity>INFO</severity>
		<timestamp>Sun Oct  6 15:11:03 2024</timestamp>
		<arg name='path'>c:\windows\system32\rpcrt4.dll</arg>
		<arg name='addr1'>0x7ffb109f0000</arg>
		<arg name='addr2'>0x7ffb10b12fff</arg>
	</msg>
	<msg id='8' source='mc'>
		<type>MODULE_LOAD</type>
		<severity>INFO</severity>
		<timestamp>Sun Oct  6 15:11:03 2024</timestamp>
		<arg name='path'>c:\dev\http-server\build\bin\sqlite3.dll</arg>
		<arg name='addr1'>0x7ffa0b500000</arg>
		<arg name='addr2'>0x7ffa0b80ffff</arg>
	</msg>
	<!-- DIAG: 3 -->
	<!-- DIAG: 4 -->
	<msg id='9' source='mc'>
		<type>MODULE_LOAD</type>
		<severity>INFO</severity>
		<timestamp>Sun Oct  6 15:11:03 2024</timestamp>
		<arg name='path'>c:\windows\system32\shell32.dll</arg>
		<arg name='addr1'>0x7ffb10ef0000</arg>
		<arg name='addr2'>0x7ffb1165efff</arg>
	</msg>
	<msg id='10' source='mc'>
		<type>MODULE_LOAD</type>
		<severity>INFO</severity>
		<timestamp>Sun Oct  6 15:11:04 2024</timestamp>
		<arg name='path'>c:\windows\system32\msvcp_win.dll</arg>
		<arg name='addr1'>0x7ffb10440000</arg>
		<arg name='addr2'>0x7ffb104dcfff</arg>
	</msg>
	<msg id='11' source='mc'>
		<type>MODULE_LOAD</type>
		<severity>INFO</severity>
		<timestamp>Sun Oct  6 15:11:05 2024</timestamp>
		<arg name='path'>c:\windows\system32\ucrtbase.dll</arg>
		<arg name='addr1'>0x7ffb10340000</arg>
		<arg name='addr2'>0x7ffb1043ffff</arg>
	</msg>
	<msg id='12' source='mc'>
		<type>MODULE_LOAD_NO_ANALYSIS</type>
		<severity>INFO</severity>
		<timestamp>Sun Oct  6 15:11:06 2024</timestamp>
		<arg name='path'>c:\windows\system32\user32.dll</arg>
		<arg name='addr1'>0x7ffb124f0000</arg>
		<arg name='addr2'>0x7ffb1268cfff</arg>
	</msg>
	<msg id='13' source='mc'>
		<type>MODULE_LOAD</type>
		<severity>INFO</severity>
		<timestamp>Sun Oct  6 15:11:07 2024</timestamp>
		<arg name='path'>c:\windows\system32\win32u.dll</arg>
		<arg name='addr1'>0x7ffb10230000</arg>
		<arg name='addr2'>0x7ffb10251fff</arg>
	</msg>
	<msg id='14' source='mc'>
		<type>MODULE_LOAD</type>
		<severity>INFO</severity>
		<timestamp>Sun Oct  6 15:11:10 2024</timestamp>
		<arg name='path'>c:\windows\system32\gdi32.dll</arg>
		<arg name='addr1'>0x7ffb10b20000</arg>
		<arg name='addr2'>0x7ffb10b4afff</arg>
	</msg>
	<msg id='15' source='mc'>
		<type>MODULE_LOAD_NO_ANALYSIS</type>
		<severity>INFO</severity>
		<timestamp>Sun Oct  6 15:11:11 2024</timestamp>
		<arg name='path'>c:\windows\system32\gdi32full.dll</arg>
		<arg name='addr1'>0x7ffb104e0000</arg>
		<arg name='addr2'>0x7ffb105f6fff</arg>
	</msg>
	<msg id='16' source='mc'>
		<type>MODULE_LOAD</type>
		<severity>INFO</severity>
		<timestamp>Sun Oct  6 15:11:11 2024</timestamp>
		<arg name='path'>c:\windows\system32\vcruntime140d.dll</arg>
		<arg name='addr1'>0x7ffa0b4d0000</arg>
		<arg name='addr2'>0x7ffa0b4fdfff</arg>
	</msg>
	<msg id='17' source='mc'>
		<type>MODULE_LOAD</type>
		<severity>INFO</severity>
		<timestamp>Sun Oct  6 15:11:11 2024</timestamp>
		<arg name='path'>c:\windows\system32\vcruntime140_1d.dll</arg>
		<arg name='addr1'>0x7ffb07550000</arg>
		<arg name='addr2'>0x7ffb0755efff</arg>
	</msg>
	<msg id='18' source='mc'>
		<type>MODULE_LOAD</type>
		<severity>INFO</severity>
		<timestamp>Sun Oct  6 15:11:13 2024</timestamp>
		<arg name='path'>c:\windows\system32\ucrtbased.dll</arg>
		<arg name='addr1'>0x7ffa0b2a0000</arg>
		<arg name='addr2'>0x7ffa0b4c0fff</arg>
	</msg>
	<msg id='19' source='mc'>
		<type>MODULE_LOAD</type>
		<severity>INFO</severity>
		<timestamp>Sun Oct  6 15:11:16 2024</timestamp>
		<arg name='path'>c:\program files\microsoft visual studio\2022\community\vc\tools\msvc\14.41.34120\bin\hostx64\x64\clang_rt.asan_dynamic-x86_64.dll</arg>
		<arg name='addr1'>0x7ffa0a320000</arg>
		<arg name='addr2'>0x7ffa0b29efff</arg>
	</msg>
	<msg id='20' source='mc'>
		<type>MODULE_LOAD</type>
		<severity>INFO</severity>
		<timestamp>Sun Oct  6 15:11:19 2024</timestamp>
		<arg name='path'>c:\windows\system32\advapi32.dll</arg>
		<arg name='addr1'>0x7ffb10c80000</arg>
		<arg name='addr2'>0x7ffb10d2ffff</arg>
	</msg>
	<msg id='21' source='mc'>
		<type>MODULE_LOAD</type>
		<severity>INFO</severity>
		<timestamp>Sun Oct  6 15:11:19 2024</timestamp>
		<arg name='path'>c:\windows\system32\msvcrt.dll</arg>
		<arg name='addr1'>0x7ffb117e0000</arg>
		<arg name='addr2'>0x7ffb1187dfff</arg>
	</msg>
	<msg id='22' source='mc'>
		<type>MODULE_LOAD</type>
		<severity>INFO</severity>
		<timestamp>Sun Oct  6 15:11:20 2024</timestamp>
		<arg name='path'>c:\windows\system32\sechost.dll</arg>
		<arg name='addr1'>0x7ffb11740000</arg>
		<arg name='addr2'>0x7ffb117dffff</arg>
	</msg>
	<msg id='23' source='mc'>
		<type>MODULE_LOAD</type>
		<severity>INFO</severity>
		<timestamp>Sun Oct  6 15:11:20 2024</timestamp>
		<arg name='path'>c:\windows\system32\bcrypt.dll</arg>
		<arg name='addr1'>0x7ffb10260000</arg>
		<arg name='addr2'>0x7ffb10286fff</arg>
	</msg>
	<msg id='24' source='mc'>
		<type>MODULE_LOAD</type>
		<severity>INFO</severity>
		<timestamp>Sun Oct  6 15:11:20 2024</timestamp>
		<arg name='path'>c:\windows\system32\vcruntime140.dll</arg>
		<arg name='addr1'>0x7ffaf7fe0000</arg>
		<arg name='addr2'>0x7ffaf7ffdfff</arg>
	</msg>
	<msg id='25' source='mc'>
		<type>MODULE_LOAD</type>
		<severity>INFO</severity>
		<timestamp>Sun Oct  6 15:11:20 2024</timestamp>
		<arg name='path'>c:\windows\system32\vcruntime140_1.dll</arg>
		<arg name='addr1'>0x7ffaf8030000</arg>
		<arg name='addr2'>0x7ffaf803bfff</arg>
	</msg>
	<!-- DIAG: 5 -->
	<msg id='26' source='mc'>
		<type>MODULE_LOAD_NO_ANALYSIS</type>
		<severity>INFO</severity>
		<timestamp>Sun Oct  6 15:11:22 2024</timestamp>
		<arg name='path'>c:\windows\system32\imm32.dll</arg>
		<arg name='addr1'>0x7ffb10ec0000</arg>
		<arg name='addr2'>0x7ffb10eeefff</arg>
	</msg>
	<!-- DIAG: 6 -->
	<!-- DIAG: 7 -->
	<!-- DIAG: 8 -->
	<!-- DIAG: 9 -->
	<!-- DIAG: 10 -->
	<!-- DIAG: 11 -->
	<!-- DIAG: 12 -->
	<!-- DIAG: 13 -->
	<!-- DIAG: 14 -->
	<!-- DIAG: 15 -->
	<!-- DIAG: 16 -->
	<!-- DIAG: 17 -->
	<!-- DIAG: 18 -->
	<!-- DIAG: 19 -->
	<!-- DIAG: 20 -->
	<!-- DIAG: 21 -->
	<!-- DIAG: 22 -->
	<!-- DIAG: 23 -->
	<!-- DIAG: 24 -->
	<!-- DIAG: 25 -->
	<!-- DIAG: 26 -->
	<!-- DIAG: 27 -->
	<!-- DIAG: 28 -->
	<!-- DIAG: 29 -->
	<!-- DIAG: 30 -->
	<!-- DIAG: 31 -->
	<!-- DIAG: 32 -->
	<!-- DIAG: 33 -->
	<!-- DIAG: 34 -->
	<!-- DIAG: 35 -->
	<!-- DIAG: 36 -->
	<!-- DIAG: 37 -->
	<!-- DIAG: 38 -->
	<!-- DIAG: 39 -->
	<!-- DIAG: 40 -->
	<!-- DIAG: 41 -->
	<!-- DIAG: 42 -->
	<!-- DIAG: 43 -->
	<!-- DIAG: 44 -->
	<!-- DIAG: 45 -->
	<!-- DIAG: 46 -->
	<!-- DIAG: 47 -->
	<!-- DIAG: 48 -->
	<!-- DIAG: 49 -->
	<!-- DIAG: 50 -->
	<!-- DIAG: 51 -->
	<msg id='27' source='ccrt'>
		<type>INTERNAL</type>
		<severity>ERROR</severity>
		<timestamp>Sun Oct  6 15:11:28 2024</timestamp>
		<!-- Memorychecker or PIN generated an exception: Exception Code: RECEIVED_ACCESS_FAULT. Exception Address = 0x7ffa0a35333f. Access Type: READ. Access Address = 0x11365b819fee -->
	</msg>
	<!-- Exception call stack: -->
	<!-- => c:\program files\microsoft visual studio\2022\community\vc\tools\msvc\14.41.34120\bin\hostx64\x64\clang_rt.asan_dynamic-x86_64.dll!0x3333f (0x7ffa0a35333f) -->
	<!-- => 0x0 -->