<?xml version="1.0" encoding="UTF-8"?>
<feedback>
 <message severity="info">Analysis started...</message>
 <nop/>
 <message severity="info">Result file: C:\Dev\HTTP-Server\HTTPServer\r001ti3\r001ti3.inspxe </message>
 <nop/>
 <message severity="info">Found target process c:\dev\http-server\build\bin\httpserver.exe (PID = 26212). Analysis started... </message>
 <nop/>
 <message severity="info">Loaded module: c:\dev\http-server\build\bin\httpserver.exe. </message>
 <nop/>
 <message severity="info">Loaded module: c:\windows\system32\kernelbase.dll. </message>
 <nop/>
 <message severity="info">Loaded module: c:\windows\system32\kernel32.dll. </message>
 <nop/>
 <message severity="info">Loaded module: c:\windows\system32\ntdll.dll. </message>
 <nop/>
 <message severity="info">Loaded module: c:\windows\system32\ws2_32.dll. </message>
 <nop/>
 <message severity="info">Loaded module: c:\windows\system32\rpcrt4.dll. </message>
 <nop/>
 <message severity="info">Loaded module: c:\dev\http-server\build\bin\sqlite3.dll. </message>
 <nop/>
 <message severity="info">Loaded module: c:\windows\system32\shell32.dll. </message>
 <nop/>
 <message severity="info">Loaded module: c:\windows\system32\msvcp_win.dll. </message>
 <nop/>
 <message severity="info">Loaded module: c:\windows\system32\ucrtbase.dll. </message>
 <nop/>
 <message severity="info">Loaded module: c:\windows\system32\user32.dll. </message>
 <nop/>
 <message severity="info">Loaded module: c:\windows\system32\win32u.dll. </message>
 <nop/>
 <message severity="info">Loaded module: c:\windows\system32\gdi32.dll. </message>
 <nop/>
 <message severity="info">Loaded module: c:\windows\system32\gdi32full.dll. </message>
 <nop/>
 <message severity="info">Loaded module: c:\windows\system32\vcruntime140d.dll. </message>
 <nop/>
 <message severity="info">Loaded module: c:\windows\system32\ucrtbased.dll. </message>
 <nop/>
 <message severity="info">Loaded module: c:\windows\system32\vcruntime140_1d.dll. </message>
 <nop/>
 <message severity="info">Loaded module: c:\program files\microsoft visual studio\2022\community\vc\tools\msvc\14.41.34120\bin\hostx64\x64\clang_rt.asan_dynamic-x86_64.dll. </message>
 <nop/>
 <message severity="info">Loaded module: c:\windows\system32\advapi32.dll. </message>
 <nop/>
 <message severity="info">Loaded module: c:\windows\system32\msvcrt.dll. </message>
 <nop/>
 <message severity="info">Loaded module: c:\windows\system32\sechost.dll. </message>
 <nop/>
 <message severity="info">Loaded module: c:\windows\system32\bcrypt.dll. </message>
 <nop/>
 <message severity="info">Loaded module: c:\windows\system32\vcruntime140.dll. </message>
 <nop/>
 <message severity="info">Loaded module: c:\windows\system32\vcruntime140_1.dll. </message>
 <nop/>
 <message severity="info">Loaded module: c:\windows\system32\imm32.dll. </message>
 <nop/>
 <message severity="error">Internal error. Please contact Intel customer support team. </message>
 <nop/>
 <message severity="info">Application exit code: -1073741819 </message>
 <nop/>
 <message severity="info">Result file: C:\Dev\HTTP-Server\HTTPServer\r001ti3\r001ti3.inspxe </message>
 <nop/>
 <message severity="info">Analysis completed</message>
 <nop/>
</feedback>
